{
  "RSpec": {
    "coverage": {
      "/Users/matthieuclor/Projects/happy_renting_tech_test/app/helpers/application_helper.rb": {
        "lines": [
          1,
          null
        ]
      },
      "/Users/matthieuclor/Projects/happy_renting_tech_test/app/helpers/layouts_helper.rb": {
        "lines": [
          1,
          1,
          24,
          null,
          null,
          1,
          24,
          null,
          null,
          1,
          null,
          1,
          12,
          null,
          null,
          1,
          12,
          null,
          null,
          1,
          12,
          null,
          null,
          1,
          12,
          null,
          null
        ]
      },
      "/Users/matthieuclor/Projects/happy_renting_tech_test/app/decorators/application_decorator.rb": {
        "lines": [
          null,
          null,
          1,
          1,
          1,
          null,
          3,
          null,
          null
        ]
      },
      "/Users/matthieuclor/Projects/happy_renting_tech_test/app/decorators/user_decorator.rb": {
        "lines": [
          null,
          null,
          1,
          1,
          16,
          null,
          null
        ]
      },
      "/Users/matthieuclor/Projects/happy_renting_tech_test/app/models/user.rb": {
        "lines": [
          1,
          1,
          null,
          1,
          null,
          1,
          null,
          1,
          1,
          null
        ]
      },
      "/Users/matthieuclor/Projects/happy_renting_tech_test/app/models/application_record.rb": {
        "lines": [
          1,
          1,
          null
        ]
      },
      "/Users/matthieuclor/Projects/happy_renting_tech_test/app/models/concerns/decoratable.rb": {
        "lines": [
          null,
          null,
          1,
          1,
          null,
          1,
          1,
          17,
          null,
          null,
          null
        ]
      },
      "/Users/matthieuclor/Projects/happy_renting_tech_test/app/controllers/api/web/users_controller.rb": {
        "lines": [
          1,
          1,
          1,
          1,
          1,
          3,
          null,
          null,
          1,
          3,
          null,
          null,
          1,
          6,
          null,
          6,
          3,
          null,
          3,
          null,
          null,
          null,
          1,
          6,
          3,
          null,
          3,
          null,
          null,
          null,
          1,
          null,
          1,
          10,
          null,
          null,
          1,
          12,
          null,
          null,
          null,
          null
        ]
      },
      "/Users/matthieuclor/Projects/happy_renting_tech_test/app/controllers/application_controller.rb": {
        "lines": [
          1,
          null,
          1,
          null
        ]
      },
      "/Users/matthieuclor/Projects/happy_renting_tech_test/app/controllers/home_controller.rb": {
        "lines": [
          1,
          1,
          null,
          null
        ]
      },
      "/Users/matthieuclor/Projects/happy_renting_tech_test/app/controllers/users_controller.rb": {
        "lines": [
          1,
          1,
          null,
          null
        ]
      }
    },
    "timestamp": 1763561610
  }
}
